This file contains any messages produced by compilers while
running configure, to aid debugging if configure makes a mistake.

It was created by DigiDoc Library configure 2.6.0, which was
generated by GNU Autoconf 2.61.  Invocation command line was

  $ ./configure --prefix=/usr/local --sysconfdir=/etc

## --------- ##
## Platform. ##
## --------- ##

hostname = blackbox.sunsetsoftware.ee
uname -m = i686
uname -r = 2.6.25.10-86.fc9.i686
uname -s = Linux
uname -v = #1 SMP Mon Jul 7 20:46:03 EDT 2008

/usr/bin/uname -p = unknown
/bin/uname -X     = unknown

/bin/arch              = i686
/usr/bin/arch -k       = unknown
/usr/convex/getsysinfo = unknown
/usr/bin/hostinfo      = unknown
/bin/machine           = unknown
/usr/bin/oslevel       = unknown
/bin/universe          = unknown

PATH: /usr/lib/qt-3.3/bin
PATH: /usr/kerberos/bin
PATH: /usr/lib/ccache
PATH: /usr/local/bin
PATH: /usr/bin
PATH: /bin
PATH: /usr/lib/oracle/xe/app/oracle/product/10.2.0/server/bin
PATH: /usr/java/jdk1.6.0_05/bin
PATH: /bin
PATH: /opt/informix/bin
PATH: /home/veiko/bin


## ----------- ##
## Core tests. ##
## ----------- ##

configure:1997: checking build system type
configure:2015: result: i686-pc-linux-gnu
configure:2037: checking host system type
configure:2052: result: i686-pc-linux-gnu
configure:2101: checking for a BSD-compatible install
configure:2157: result: /usr/bin/install -c
configure:2168: checking whether build environment is sane
configure:2211: result: yes
configure:2239: checking for a thread-safe mkdir -p
configure:2278: result: /bin/mkdir -p
configure:2291: checking for gawk
configure:2307: found /usr/bin/gawk
configure:2318: result: gawk
configure:2329: checking whether make sets $(MAKE)
configure:2350: result: yes
configure:2589: checking for gcc
configure:2605: found /usr/lib/ccache/gcc
configure:2616: result: gcc
configure:2854: checking for C compiler version
configure:2861: gcc --version >&5
gcc (GCC) 4.3.0 20080428 (Red Hat 4.3.0-8)
Copyright (C) 2008 Free Software Foundation, Inc.
This is free software; see the source for copying conditions.  There is NO
warranty; not even for MERCHANTABILITY or FITNESS FOR A PARTICULAR PURPOSE.

configure:2864: $? = 0
configure:2871: gcc -v >&5
Using built-in specs.
Target: i386-redhat-linux
Configured with: ../configure --prefix=/usr --mandir=/usr/share/man --infodir=/usr/share/info --with-bugurl=http://bugzilla.redhat.com/bugzilla --enable-bootstrap --enable-shared --enable-threads=posix --enable-checking=release --with-system-zlib --enable-__cxa_atexit --disable-libunwind-exceptions --enable-languages=c,c++,objc,obj-c++,java,fortran,ada --enable-java-awt=gtk --disable-dssi --enable-plugin --with-java-home=/usr/lib/jvm/java-1.5.0-gcj-1.5.0.0/jre --enable-libgcj-multifile --enable-java-maintainer-mode --with-ecj-jar=/usr/share/java/eclipse-ecj.jar --disable-libjava-multilib --with-cpu=generic --build=i386-redhat-linux
Thread model: posix
gcc version 4.3.0 20080428 (Red Hat 4.3.0-8) (GCC) 
configure:2874: $? = 0
configure:2881: gcc -V >&5
gcc: '-V' option must have argument
configure:2884: $? = 1
configure:2907: checking for C compiler default output file name
configure:2934: gcc    conftest.c  >&5
configure:2937: $? = 0
configure:2975: result: a.out
configure:2992: checking whether the C compiler works
configure:3002: ./a.out
configure:3005: $? = 0
configure:3022: result: yes
configure:3029: checking whether we are cross compiling
configure:3031: result: no
configure:3034: checking for suffix of executables
configure:3041: gcc -o conftest    conftest.c  >&5
configure:3044: $? = 0
configure:3068: result: 
configure:3074: checking for suffix of object files
configure:3100: gcc -c   conftest.c >&5
configure:3103: $? = 0
configure:3126: result: o
configure:3130: checking whether we are using the GNU C compiler
configure:3159: gcc -c   conftest.c >&5
configure:3165: $? = 0
configure:3182: result: yes
configure:3187: checking whether gcc accepts -g
configure:3217: gcc -c -g  conftest.c >&5
configure:3223: $? = 0
configure:3322: result: yes
configure:3339: checking for gcc option to accept ISO C89
configure:3413: gcc  -c -g -O2  conftest.c >&5
configure:3419: $? = 0
configure:3442: result: none needed
configure:3471: checking for style of include used by make
configure:3499: result: GNU
configure:3524: checking dependency style of gcc
configure:3615: result: gcc3
configure:3631: checking for an ANSI C-conforming const
configure:3706: gcc -c -g -O2  conftest.c >&5
configure:3712: $? = 0
configure:3727: result: yes
configure:3750: checking for a BSD-compatible install
configure:3806: result: /usr/bin/install -c
configure:3822: checking how to run the C preprocessor
configure:3862: gcc -E  conftest.c
configure:3868: $? = 0
configure:3899: gcc -E  conftest.c
conftest.c:10:28: error: ac_nonexistent.h: No such file or directory
configure:3905: $? = 1
configure: failed program was:
| /* confdefs.h.  */
| #define PACKAGE_NAME "DigiDoc Library"
| #define PACKAGE_TARNAME "digidoc-library"
| #define PACKAGE_VERSION "2.6.0"
| #define PACKAGE_STRING "DigiDoc Library 2.6.0"
| #define PACKAGE_BUGREPORT ""
| #define PACKAGE "libdigidoc"
| #define VERSION "2.6.0"
| /* end confdefs.h.  */
| #include <ac_nonexistent.h>
configure:3938: result: gcc -E
configure:3967: gcc -E  conftest.c
configure:3973: $? = 0
configure:4004: gcc -E  conftest.c
conftest.c:10:28: error: ac_nonexistent.h: No such file or directory
configure:4010: $? = 1
configure: failed program was:
| /* confdefs.h.  */
| #define PACKAGE_NAME "DigiDoc Library"
| #define PACKAGE_TARNAME "digidoc-library"
| #define PACKAGE_VERSION "2.6.0"
| #define PACKAGE_STRING "DigiDoc Library 2.6.0"
| #define PACKAGE_BUGREPORT ""
| #define PACKAGE "libdigidoc"
| #define VERSION "2.6.0"
| /* end confdefs.h.  */
| #include <ac_nonexistent.h>
configure:4048: checking for grep that handles long lines and -e
configure:4122: result: /bin/grep
configure:4127: checking for egrep
configure:4205: result: /bin/grep -E
configure:4210: checking for ANSI C header files
configure:4240: gcc -c -g -O2  conftest.c >&5
configure:4246: $? = 0
configure:4345: gcc -o conftest -g -O2   conftest.c  >&5
configure:4348: $? = 0
configure:4354: ./conftest
configure:4357: $? = 0
configure:4374: result: yes
configure:4460: checking for a sed that does not truncate output
configure:4516: result: /bin/sed
configure:4530: checking for ld used by gcc
configure:4597: result: /usr/bin/ld
configure:4606: checking if the linker (/usr/bin/ld) is GNU ld
configure:4621: result: yes
configure:4626: checking for /usr/bin/ld option to reload object files
configure:4633: result: -r
configure:4651: checking for BSD-compatible nm
configure:4700: result: /usr/bin/nm -B
configure:4704: checking whether ln -s works
configure:4708: result: yes
configure:4715: checking how to recognize dependent libraries
configure:4901: result: pass_all
configure:5441: checking for sys/types.h
configure:5462: gcc -c -g -O2  conftest.c >&5
configure:5468: $? = 0
configure:5484: result: yes
configure:5441: checking for sys/stat.h
configure:5462: gcc -c -g -O2  conftest.c >&5
configure:5468: $? = 0
configure:5484: result: yes
configure:5441: checking for stdlib.h
configure:5462: gcc -c -g -O2  conftest.c >&5
configure:5468: $? = 0
configure:5484: result: yes
configure:5441: checking for string.h
configure:5462: gcc -c -g -O2  conftest.c >&5
configure:5468: $? = 0
configure:5484: result: yes
configure:5441: checking for memory.h
configure:5462: gcc -c -g -O2  conftest.c >&5
configure:5468: $? = 0
configure:5484: result: yes
configure:5441: checking for strings.h
configure:5462: gcc -c -g -O2  conftest.c >&5
configure:5468: $? = 0
configure:5484: result: yes
configure:5441: checking for inttypes.h
configure:5462: gcc -c -g -O2  conftest.c >&5
configure:5468: $? = 0
configure:5484: result: yes
configure:5441: checking for stdint.h
configure:5462: gcc -c -g -O2  conftest.c >&5
configure:5468: $? = 0
configure:5484: result: yes
configure:5441: checking for unistd.h
configure:5462: gcc -c -g -O2  conftest.c >&5
configure:5468: $? = 0
configure:5484: result: yes
configure:5511: checking dlfcn.h usability
configure:5528: gcc -c -g -O2  conftest.c >&5
configure:5534: $? = 0
configure:5548: result: yes
configure:5552: checking dlfcn.h presence
configure:5567: gcc -E  conftest.c
configure:5573: $? = 0
configure:5587: result: yes
configure:5615: checking for dlfcn.h
configure:5623: result: yes
configure:5694: checking for g++
configure:5710: found /usr/lib/ccache/g++
configure:5721: result: g++
configure:5752: checking for C++ compiler version
configure:5759: g++ --version >&5
g++ (GCC) 4.3.0 20080428 (Red Hat 4.3.0-8)
Copyright (C) 2008 Free Software Foundation, Inc.
This is free software; see the source for copying conditions.  There is NO
warranty; not even for MERCHANTABILITY or FITNESS FOR A PARTICULAR PURPOSE.

configure:5762: $? = 0
configure:5769: g++ -v >&5
Using built-in specs.
Target: i386-redhat-linux
Configured with: ../configure --prefix=/usr --mandir=/usr/share/man --infodir=/usr/share/info --with-bugurl=http://bugzilla.redhat.com/bugzilla --enable-bootstrap --enable-shared --enable-threads=posix --enable-checking=release --with-system-zlib --enable-__cxa_atexit --disable-libunwind-exceptions --enable-languages=c,c++,objc,obj-c++,java,fortran,ada --enable-java-awt=gtk --disable-dssi --enable-plugin --with-java-home=/usr/lib/jvm/java-1.5.0-gcj-1.5.0.0/jre --enable-libgcj-multifile --enable-java-maintainer-mode --with-ecj-jar=/usr/share/java/eclipse-ecj.jar --disable-libjava-multilib --with-cpu=generic --build=i386-redhat-linux
Thread model: posix
gcc version 4.3.0 20080428 (Red Hat 4.3.0-8) (GCC) 
configure:5772: $? = 0
configure:5779: g++ -V >&5
g++: '-V' option must have argument
configure:5782: $? = 1
configure:5785: checking whether we are using the GNU C++ compiler
configure:5814: g++ -c   conftest.cpp >&5
configure:5820: $? = 0
configure:5837: result: yes
configure:5842: checking whether g++ accepts -g
configure:5872: g++ -c -g  conftest.cpp >&5
configure:5878: $? = 0
configure:5977: result: yes
configure:6002: checking dependency style of g++
configure:6093: result: gcc3
configure:6118: checking how to run the C++ preprocessor
configure:6154: g++ -E  conftest.cpp
configure:6160: $? = 0
configure:6191: g++ -E  conftest.cpp
conftest.cpp:21:28: error: ac_nonexistent.h: No such file or directory
configure:6197: $? = 1
configure: failed program was:
| /* confdefs.h.  */
| #define PACKAGE_NAME "DigiDoc Library"
| #define PACKAGE_TARNAME "digidoc-library"
| #define PACKAGE_VERSION "2.6.0"
| #define PACKAGE_STRING "DigiDoc Library 2.6.0"
| #define PACKAGE_BUGREPORT ""
| #define PACKAGE "libdigidoc"
| #define VERSION "2.6.0"
| #define STDC_HEADERS 1
| #define HAVE_SYS_TYPES_H 1
| #define HAVE_SYS_STAT_H 1
| #define HAVE_STDLIB_H 1
| #define HAVE_STRING_H 1
| #define HAVE_MEMORY_H 1
| #define HAVE_STRINGS_H 1
| #define HAVE_INTTYPES_H 1
| #define HAVE_STDINT_H 1
| #define HAVE_UNISTD_H 1
| #define HAVE_DLFCN_H 1
| /* end confdefs.h.  */
| #include <ac_nonexistent.h>
configure:6230: result: g++ -E
configure:6259: g++ -E  conftest.cpp
configure:6265: $? = 0
configure:6296: g++ -E  conftest.cpp
conftest.cpp:21:28: error: ac_nonexistent.h: No such file or directory
configure:6302: $? = 1
configure: failed program was:
| /* confdefs.h.  */
| #define PACKAGE_NAME "DigiDoc Library"
| #define PACKAGE_TARNAME "digidoc-library"
| #define PACKAGE_VERSION "2.6.0"
| #define PACKAGE_STRING "DigiDoc Library 2.6.0"
| #define PACKAGE_BUGREPORT ""
| #define PACKAGE "libdigidoc"
| #define VERSION "2.6.0"
| #define STDC_HEADERS 1
| #define HAVE_SYS_TYPES_H 1
| #define HAVE_SYS_STAT_H 1
| #define HAVE_STDLIB_H 1
| #define HAVE_STRING_H 1
| #define HAVE_MEMORY_H 1
| #define HAVE_STRINGS_H 1
| #define HAVE_INTTYPES_H 1
| #define HAVE_STDINT_H 1
| #define HAVE_UNISTD_H 1
| #define HAVE_DLFCN_H 1
| /* end confdefs.h.  */
| #include <ac_nonexistent.h>
configure:6395: checking for g77
configure:6425: result: no
configure:6395: checking for xlf
configure:6425: result: no
configure:6395: checking for f77
configure:6425: result: no
configure:6395: checking for frt
configure:6425: result: no
configure:6395: checking for pgf77
configure:6425: result: no
configure:6395: checking for cf77
configure:6425: result: no
configure:6395: checking for fort77
configure:6425: result: no
configure:6395: checking for fl32
configure:6425: result: no
configure:6395: checking for af77
configure:6425: result: no
configure:6395: checking for xlf90
configure:6425: result: no
configure:6395: checking for f90
configure:6425: result: no
configure:6395: checking for pgf90
configure:6425: result: no
configure:6395: checking for pghpf
configure:6425: result: no
configure:6395: checking for epcf90
configure:6425: result: no
configure:6395: checking for gfortran
configure:6411: found /usr/bin/gfortran
configure:6422: result: gfortran
configure:6452: checking for Fortran 77 compiler version
configure:6459: gfortran --version >&5
GNU Fortran (GCC) 4.3.0 20080428 (Red Hat 4.3.0-8)
Copyright (C) 2008 Free Software Foundation, Inc.

GNU Fortran comes with NO WARRANTY, to the extent permitted by law.
You may redistribute copies of GNU Fortran
under the terms of the GNU General Public License.
For more information about these matters, see the file named COPYING

configure:6462: $? = 0
configure:6469: gfortran -v >&5
Using built-in specs.
Target: i386-redhat-linux
Configured with: ../configure --prefix=/usr --mandir=/usr/share/man --infodir=/usr/share/info --with-bugurl=http://bugzilla.redhat.com/bugzilla --enable-bootstrap --enable-shared --enable-threads=posix --enable-checking=release --with-system-zlib --enable-__cxa_atexit --disable-libunwind-exceptions --enable-languages=c,c++,objc,obj-c++,java,fortran,ada --enable-java-awt=gtk --disable-dssi --enable-plugin --with-java-home=/usr/lib/jvm/java-1.5.0-gcj-1.5.0.0/jre --enable-libgcj-multifile --enable-java-maintainer-mode --with-ecj-jar=/usr/share/java/eclipse-ecj.jar --disable-libjava-multilib --with-cpu=generic --build=i386-redhat-linux
Thread model: posix
gcc version 4.3.0 20080428 (Red Hat 4.3.0-8) (GCC) 
configure:6472: $? = 0
configure:6479: gfortran -V >&5
gfortran: '-V' option must have argument
configure:6482: $? = 1
configure:6490: checking whether we are using the GNU Fortran 77 compiler
configure:6509: gfortran -c  conftest.F >&5
configure:6515: $? = 0
configure:6532: result: yes
configure:6538: checking whether gfortran accepts -g
configure:6555: gfortran -c -g conftest.f >&5
configure:6561: $? = 0
configure:6577: result: yes
configure:6607: checking the maximum length of command line arguments
configure:6719: result: 1966080
configure:6731: checking command to parse /usr/bin/nm -B output from gcc object
configure:6836: gcc -c -g -O2  conftest.c >&5
configure:6839: $? = 0
configure:6843: /usr/bin/nm -B conftest.o \| sed -n -e 's/^.*[ 	]\([ABCDGIRSTW][ABCDGIRSTW]*\)[ 	][ 	]*\([_A-Za-z][_A-Za-z0-9]*\)$/\1 \2 \2/p' \> conftest.nm
configure:6846: $? = 0
configure:6898: gcc -o conftest -g -O2   conftest.c conftstm.o >&5
configure:6901: $? = 0
configure:6939: result: ok
configure:6943: checking for objdir
configure:6958: result: .libs
configure:7050: checking for ar
configure:7066: found /usr/bin/ar
configure:7077: result: ar
configure:7146: checking for ranlib
configure:7162: found /usr/bin/ranlib
configure:7173: result: ranlib
configure:7242: checking for strip
configure:7258: found /usr/bin/strip
configure:7269: result: strip
configure:7555: checking if gcc supports -fno-rtti -fno-exceptions
configure:7573: gcc -c -g -O2  -fno-rtti -fno-exceptions conftest.c >&5
cc1: warning: command line option "-fno-rtti" is valid for C++/ObjC++ but not for C
cc1: warning: command line option "-fno-rtti" is valid for C++/ObjC++ but not for C
configure:7577: $? = 0
configure:7590: result: no
configure:7605: checking for gcc option to produce PIC
configure:7837: result: -fPIC
configure:7845: checking if gcc PIC flag -fPIC works
configure:7863: gcc -c -g -O2  -fPIC -DPIC conftest.c >&5
configure:7867: $? = 0
configure:7880: result: yes
configure:7908: checking if gcc static flag -static works
configure:7936: result: yes
configure:7946: checking if gcc supports -c -o file.o
configure:7967: gcc -c -g -O2  -o out/conftest2.o conftest.c >&5
configure:7971: $? = 0
configure:7993: result: yes
configure:8019: checking whether the gcc linker (/usr/bin/ld) supports shared libraries
configure:8999: result: yes
configure:9020: checking whether -lc should be explicitly linked in
configure:9025: gcc -c -g -O2  conftest.c >&5
configure:9028: $? = 0
configure:9043: gcc -shared conftest.o  -v -Wl,-soname -Wl,conftest -o conftest 2\>\&1 \| grep  -lc  \>/dev/null 2\>\&1
configure:9046: $? = 0
configure:9058: result: no
configure:9066: checking dynamic linker characteristics
configure:9670: result: GNU/Linux ld.so
configure:9679: checking how to hardcode library paths into programs
configure:9704: result: immediate
configure:9718: checking whether stripping libraries is possible
configure:9723: result: yes
configure:10525: checking if libtool supports shared libraries
configure:10527: result: yes
configure:10530: checking whether to build shared libraries
configure:10551: result: yes
configure:10554: checking whether to build static libraries
configure:10558: result: yes
configure:10651: creating libtool
configure:11239: checking for ld used by g++
configure:11306: result: /usr/bin/ld
configure:11315: checking if the linker (/usr/bin/ld) is GNU ld
configure:11330: result: yes
configure:11381: checking whether the g++ linker (/usr/bin/ld) supports shared libraries
configure:12355: result: yes
configure:12373: g++ -c -g -O2  conftest.cpp >&5
configure:12376: $? = 0
configure:12528: checking for g++ option to produce PIC
configure:12812: result: -fPIC
configure:12820: checking if g++ PIC flag -fPIC works
configure:12838: g++ -c -g -O2  -fPIC -DPIC conftest.cpp >&5
configure:12842: $? = 0
configure:12855: result: yes
configure:12883: checking if g++ static flag -static works
configure:12911: result: yes
configure:12921: checking if g++ supports -c -o file.o
configure:12942: g++ -c -g -O2  -o out/conftest2.o conftest.cpp >&5
configure:12946: $? = 0
configure:12968: result: yes
configure:12994: checking whether the g++ linker (/usr/bin/ld) supports shared libraries
configure:13019: result: yes
configure:13086: checking dynamic linker characteristics
configure:13638: result: GNU/Linux ld.so
configure:13647: checking how to hardcode library paths into programs
configure:13672: result: immediate
configure:14206: checking if libtool supports shared libraries
configure:14208: result: yes
configure:14211: checking whether to build shared libraries
configure:14231: result: yes
configure:14234: checking whether to build static libraries
configure:14238: result: yes
configure:14248: checking for gfortran option to produce PIC
configure:14480: result: -fPIC
configure:14488: checking if gfortran PIC flag -fPIC works
configure:14506: gfortran -c -g -O2 -fPIC conftest.f >&5
configure:14510: $? = 0
configure:14523: result: yes
configure:14551: checking if gfortran static flag -static works
configure:14579: result: yes
configure:14589: checking if gfortran supports -c -o file.o
configure:14610: gfortran -c -g -O2 -o out/conftest2.o conftest.f >&5
configure:14614: $? = 0
configure:14636: result: yes
configure:14662: checking whether the gfortran linker (/usr/bin/ld) supports shared libraries
configure:15622: result: yes
configure:15689: checking dynamic linker characteristics
configure:16241: result: GNU/Linux ld.so
configure:16250: checking how to hardcode library paths into programs
configure:16275: result: immediate
configure:19848: checking whether gcc and cc understand -c and -o together
configure:19883: gcc -c conftest.c -o conftest2.o >&5
configure:19886: $? = 0
configure:19892: gcc -c conftest.c -o conftest2.o >&5
configure:19895: $? = 0
configure:19906: cc -c conftest.c >&5
configure:19909: $? = 0
configure:19917: cc -c conftest.c -o conftest2.o >&5
configure:19920: $? = 0
configure:19926: cc -c conftest.c -o conftest2.o >&5
configure:19929: $? = 0
configure:19947: result: yes
configure:20024: checking for pkg-config
configure:20042: found /usr/bin/pkg-config
configure:20054: result: /usr/bin/pkg-config
configure:20083: checking pkg-config is at least version 0.9.0
configure:20086: result: yes
configure:20097: checking for DIGIDOC
configure:20104: $PKG_CONFIG --exists --print-errors "openssl libxml-2.0"
configure:20107: $? = 0
configure:20120: $PKG_CONFIG --exists --print-errors "openssl libxml-2.0"
configure:20123: $? = 0
configure:20198: result: yes
configure:20207: checking for dlopen in -ldl
configure:20242: gcc -o conftest -g -O2   conftest.c -ldl   >&5
configure:20248: $? = 0
configure:20266: result: yes
configure:20296: checking for wget
configure:20314: found /usr/bin/wget
configure:20326: result: /usr/bin/wget
configure:20462: creating ./config.status

## ---------------------- ##
## Running config.status. ##
## ---------------------- ##

This file was extended by DigiDoc Library config.status 2.6.0, which was
generated by GNU Autoconf 2.61.  Invocation command line was

  CONFIG_FILES    = 
  CONFIG_HEADERS  = 
  CONFIG_LINKS    = 
  CONFIG_COMMANDS = 
  $ ./config.status 

on blackbox.sunsetsoftware.ee

config.status:682: creating Makefile
config.status:682: creating libdigidoc.pc
config.status:682: creating libdigidoc/Makefile
config.status:682: creating libdigidoc/pkcs11/Makefile
config.status:682: creating etc/Makefile
config.status:682: creating etc/digidoc.conf
config.status:682: creating doc/Makefile
config.status:682: creating win32/Makefile
config.status:682: creating config.h
config.status:957: executing depfiles commands

## ---------------- ##
## Cache variables. ##
## ---------------- ##

ac_cv_build=i686-pc-linux-gnu
ac_cv_c_compiler_gnu=yes
ac_cv_c_const=yes
ac_cv_cxx_compiler_gnu=yes
ac_cv_env_CCC_set=
ac_cv_env_CCC_value=
ac_cv_env_CC_set=
ac_cv_env_CC_value=
ac_cv_env_CFLAGS_set=
ac_cv_env_CFLAGS_value=
ac_cv_env_CPPFLAGS_set=
ac_cv_env_CPPFLAGS_value=
ac_cv_env_CPP_set=
ac_cv_env_CPP_value=
ac_cv_env_CXXCPP_set=
ac_cv_env_CXXCPP_value=
ac_cv_env_CXXFLAGS_set=
ac_cv_env_CXXFLAGS_value=
ac_cv_env_CXX_set=
ac_cv_env_CXX_value=
ac_cv_env_DIGIDOC_CFLAGS_set=
ac_cv_env_DIGIDOC_CFLAGS_value=
ac_cv_env_DIGIDOC_LIBS_set=
ac_cv_env_DIGIDOC_LIBS_value=
ac_cv_env_F77_set=
ac_cv_env_F77_value=
ac_cv_env_FFLAGS_set=
ac_cv_env_FFLAGS_value=
ac_cv_env_LDFLAGS_set=
ac_cv_env_LDFLAGS_value=
ac_cv_env_LIBS_set=
ac_cv_env_LIBS_value=
ac_cv_env_PKG_CONFIG_set=
ac_cv_env_PKG_CONFIG_value=
ac_cv_env_build_alias_set=
ac_cv_env_build_alias_value=
ac_cv_env_host_alias_set=
ac_cv_env_host_alias_value=
ac_cv_env_target_alias_set=
ac_cv_env_target_alias_value=
ac_cv_f77_compiler_gnu=yes
ac_cv_func_dlopen_ldl=yes
ac_cv_header_dlfcn_h=yes
ac_cv_header_inttypes_h=yes
ac_cv_header_memory_h=yes
ac_cv_header_stdc=yes
ac_cv_header_stdint_h=yes
ac_cv_header_stdlib_h=yes
ac_cv_header_string_h=yes
ac_cv_header_strings_h=yes
ac_cv_header_sys_stat_h=yes
ac_cv_header_sys_types_h=yes
ac_cv_header_unistd_h=yes
ac_cv_host=i686-pc-linux-gnu
ac_cv_lib_dl_dlopen=yes
ac_cv_objext=o
ac_cv_path_EGREP='/bin/grep -E'
ac_cv_path_GREP=/bin/grep
ac_cv_path_WGET=/usr/bin/wget
ac_cv_path_ac_pt_PKG_CONFIG=/usr/bin/pkg-config
ac_cv_path_install='/usr/bin/install -c'
ac_cv_path_mkdir=/bin/mkdir
ac_cv_prog_AWK=gawk
ac_cv_prog_CPP='gcc -E'
ac_cv_prog_CXXCPP='g++ -E'
ac_cv_prog_ac_ct_AR=ar
ac_cv_prog_ac_ct_CC=gcc
ac_cv_prog_ac_ct_CXX=g++
ac_cv_prog_ac_ct_F77=gfortran
ac_cv_prog_ac_ct_RANLIB=ranlib
ac_cv_prog_ac_ct_STRIP=strip
ac_cv_prog_cc_c89=
ac_cv_prog_cc_g=yes
ac_cv_prog_cc_gcc_c_o=yes
ac_cv_prog_cxx_g=yes
ac_cv_prog_f77_g=yes
ac_cv_prog_make_make_set=yes
am_cv_CC_dependencies_compiler_type=gcc3
am_cv_CXX_dependencies_compiler_type=gcc3
lt_cv_deplibs_check_method=pass_all
lt_cv_file_magic_cmd='$MAGIC_CMD'
lt_cv_file_magic_test_file=
lt_cv_ld_reload_flag=-r
lt_cv_objdir=.libs
lt_cv_path_LD=/usr/bin/ld
lt_cv_path_LDCXX=/usr/bin/ld
lt_cv_path_NM='/usr/bin/nm -B'
lt_cv_path_SED=/bin/sed
lt_cv_prog_compiler_c_o=yes
lt_cv_prog_compiler_c_o_CXX=yes
lt_cv_prog_compiler_c_o_F77=yes
lt_cv_prog_compiler_rtti_exceptions=no
lt_cv_prog_gnu_ld=yes
lt_cv_prog_gnu_ldcxx=yes
lt_cv_sys_global_symbol_pipe='sed -n -e '\''s/^.*[ 	]\([ABCDGIRSTW][ABCDGIRSTW]*\)[ 	][ 	]*\([_A-Za-z][_A-Za-z0-9]*\)$/\1 \2 \2/p'\'''
lt_cv_sys_global_symbol_to_c_name_address='sed -n -e '\''s/^: \([^ ]*\) $/  {\"\1\", (lt_ptr) 0},/p'\'' -e '\''s/^[BCDEGRST] \([^ ]*\) \([^ ]*\)$/  {"\2", (lt_ptr) \&\2},/p'\'''
lt_cv_sys_global_symbol_to_cdecl='sed -n -e '\''s/^. .* \(.*\)$/extern int \1;/p'\'''
lt_cv_sys_max_cmd_len=1966080
lt_lt_cv_prog_compiler_c_o='"yes"'
lt_lt_cv_prog_compiler_c_o_CXX='"yes"'
lt_lt_cv_prog_compiler_c_o_F77='"yes"'
lt_lt_cv_sys_global_symbol_pipe='"sed -n -e '\''s/^.*[ 	]\\([ABCDGIRSTW][ABCDGIRSTW]*\\)[ 	][ 	]*\\([_A-Za-z][_A-Za-z0-9]*\\)\$/\\1 \\2 \\2/p'\''"'
lt_lt_cv_sys_global_symbol_to_c_name_address='"sed -n -e '\''s/^: \\([^ ]*\\) \$/  {\\\"\\1\\\", (lt_ptr) 0},/p'\'' -e '\''s/^[BCDEGRST] \\([^ ]*\\) \\([^ ]*\\)\$/  {\"\\2\", (lt_ptr) \\&\\2},/p'\''"'
lt_lt_cv_sys_global_symbol_to_cdecl='"sed -n -e '\''s/^. .* \\(.*\\)\$/extern int \\1;/p'\''"'
pkg_cv_DIGIDOC_CFLAGS='-I/usr/kerberos/include -I/usr/include/libxml2  '
pkg_cv_DIGIDOC_LIBS='-L/usr/kerberos/lib -lssl -lcrypto -ldl -lz -lxml2  '

## ----------------- ##
## Output variables. ##
## ----------------- ##

ACLOCAL='${SHELL} /home/veiko/projects/libdigidoc-2.6.0_base/missing --run aclocal-1.10'
AMDEPBACKSLASH='\'
AMDEP_FALSE='#'
AMDEP_TRUE=''
AMTAR='${SHELL} /home/veiko/projects/libdigidoc-2.6.0_base/missing --run tar'
AR='ar'
AS='as'
AUTOCONF='${SHELL} /home/veiko/projects/libdigidoc-2.6.0_base/missing --run autoconf'
AUTOHEADER='${SHELL} /home/veiko/projects/libdigidoc-2.6.0_base/missing --run autoheader'
AUTOMAKE='${SHELL} /home/veiko/projects/libdigidoc-2.6.0_base/missing --run automake-1.10'
AWK='gawk'
CC='gcc'
CCDEPMODE='depmode=gcc3'
CFLAGS='-g -O2'
CPP='gcc -E'
CPPFLAGS=''
CXX='g++'
CXXCPP='g++ -E'
CXXDEPMODE='depmode=gcc3'
CXXFLAGS='-g -O2'
CYGPATH_W='echo'
DEFS='-DHAVE_CONFIG_H'
DEPDIR='.deps'
DIGIDOC_CFLAGS='-I/usr/kerberos/include -I/usr/include/libxml2  '
DIGIDOC_LIBS='-L/usr/kerberos/lib -lssl -lcrypto -ldl -lz -lxml2  '
DIGIDOC_LT_AGE='0'
DIGIDOC_LT_CURRENT='2'
DIGIDOC_LT_REVISION='6'
DIGIDOC_VERSION='2.6.0'
DLLTOOL='dlltool'
ECHO='echo'
ECHO_C=''
ECHO_N='-n'
ECHO_T=''
EGREP='/bin/grep -E'
EXEEXT=''
F77='gfortran'
FFLAGS='-g -O2'
GREP='/bin/grep'
INSTALL_DATA='${INSTALL} -m 644'
INSTALL_PROGRAM='${INSTALL}'
INSTALL_SCRIPT='${INSTALL}'
INSTALL_STRIP_PROGRAM='$(install_sh) -c -s'
LDFLAGS=''
LIBDL=' -ldl'
LIBOBJS=''
LIBS=''
LIBTOOL='$(SHELL) $(top_builddir)/libtool'
LN_S='ln -s'
LTLIBOBJS=''
MAKEINFO='${SHELL} /home/veiko/projects/libdigidoc-2.6.0_base/missing --run makeinfo'
OBJDUMP='objdump'
OBJEXT='o'
PACKAGE='libdigidoc'
PACKAGE_BUGREPORT=''
PACKAGE_NAME='DigiDoc Library'
PACKAGE_STRING='DigiDoc Library 2.6.0'
PACKAGE_TARNAME='digidoc-library'
PACKAGE_VERSION='2.6.0'
PATH_SEPARATOR=':'
PKG_CONFIG='/usr/bin/pkg-config'
RANLIB='ranlib'
SED='/bin/sed'
SET_MAKE=''
SHELL='/bin/sh'
STRIP='strip'
VERSION='2.6.0'
WGET='/usr/bin/wget'
ac_ct_CC='gcc'
ac_ct_CXX='g++'
ac_ct_F77='gfortran'
am__fastdepCC_FALSE='#'
am__fastdepCC_TRUE=''
am__fastdepCXX_FALSE='#'
am__fastdepCXX_TRUE=''
am__include='include'
am__isrc=''
am__leading_dot='.'
am__quote=''
am__tar='${AMTAR} chof - "$$tardir"'
am__untar='${AMTAR} xf -'
bindir='${exec_prefix}/bin'
build='i686-pc-linux-gnu'
build_alias=''
build_cpu='i686'
build_os='linux-gnu'
build_vendor='pc'
datadir='${datarootdir}'
datarootdir='${prefix}/share'
digidoc_certs_path='/usr/local/share/libdigidoc/certs'
docdir='${datarootdir}/doc/${PACKAGE_TARNAME}'
dvidir='${docdir}'
exec_prefix='${prefix}'
host='i686-pc-linux-gnu'
host_alias=''
host_cpu='i686'
host_os='linux-gnu'
host_vendor='pc'
htmldir='${docdir}'
includedir='${prefix}/include'
infodir='${datarootdir}/info'
install_sh='$(SHELL) /home/veiko/projects/libdigidoc-2.6.0_base/install-sh'
libdir='${exec_prefix}/lib'
libexecdir='${exec_prefix}/libexec'
localedir='${datarootdir}/locale'
localstatedir='${prefix}/var'
mandir='${datarootdir}/man'
mkdir_p='/bin/mkdir -p'
oldincludedir='/usr/include'
pdfdir='${docdir}'
prefix='/usr/local'
program_transform_name='s,x,x,'
psdir='${docdir}'
sbindir='${exec_prefix}/sbin'
sharedstatedir='${prefix}/com'
sysconfdir='/etc'
target_alias=''

## ----------- ##
## confdefs.h. ##
## ----------- ##

#define PACKAGE_NAME "DigiDoc Library"
#define PACKAGE_TARNAME "digidoc-library"
#define PACKAGE_VERSION "2.6.0"
#define PACKAGE_STRING "DigiDoc Library 2.6.0"
#define PACKAGE_BUGREPORT ""
#define PACKAGE "libdigidoc"
#define VERSION "2.6.0"
#define STDC_HEADERS 1
#define HAVE_SYS_TYPES_H 1
#define HAVE_SYS_STAT_H 1
#define HAVE_STDLIB_H 1
#define HAVE_STRING_H 1
#define HAVE_MEMORY_H 1
#define HAVE_STRINGS_H 1
#define HAVE_INTTYPES_H 1
#define HAVE_STDINT_H 1
#define HAVE_UNISTD_H 1
#define HAVE_DLFCN_H 1
#define DIGIDOC_CONF_FILE "/etc/digidoc.conf"

configure: exit 0

## ---------------------- ##
## Running config.status. ##
## ---------------------- ##

This file was extended by DigiDoc Library config.status 2.6.0, which was
generated by GNU Autoconf 2.61.  Invocation command line was

  CONFIG_FILES    = 
  CONFIG_HEADERS  = 
  CONFIG_LINKS    = 
  CONFIG_COMMANDS = 
  $ ./config.status config.h

on blackbox.sunsetsoftware.ee

config.status:682: creating config.h
config.status:910: config.h is unchanged
